<?xml version="1.0" encoding="UTF-8"?>
<!-- Generated by org.testng.reporters.JUnitReportReporter -->
<testsuite hostname="DESKTOP-HCKD6N7" failures="0" tests="1" name="sample.ScrapeHindiBooks" time="9.031" errors="0" timestamp="2024-06-20T12:04:30 IST" skipped="0">
  <testcase classname="sample.ScrapeHindiBooks" name="test" time="9.031"/>
  <system-out/>
</testsuite> <!-- sample.ScrapeHindiBooks -->
